[2020-05-24 03:12:02] [INFO] 
FastText 开始训练.....
[2020-05-24 03:12:12] [INFO] 训练周期:1/100 训练集 loss:1.9742 验证集 loss:1.7852 acc:0.7011
[2020-05-24 03:12:23] [INFO] 训练周期:2/100 训练集 loss:1.7269 验证集 loss:1.7012 acc:0.7560
[2020-05-24 03:12:34] [INFO] 训练周期:3/100 训练集 loss:1.6726 验证集 loss:1.6683 acc:0.7820
[2020-05-24 03:12:45] [INFO] 训练周期:4/100 训练集 loss:1.6461 验证集 loss:1.6499 acc:0.7978
[2020-05-24 03:12:56] [INFO] 训练周期:5/100 训练集 loss:1.6295 验证集 loss:1.6378 acc:0.8076
[2020-05-24 03:13:07] [INFO] 训练周期:6/100 训练集 loss:1.6177 验证集 loss:1.6295 acc:0.8181
[2020-05-24 03:13:18] [INFO] 训练周期:7/100 训练集 loss:1.6087 验证集 loss:1.6234 acc:0.8255
[2020-05-24 03:13:30] [INFO] 训练周期:8/100 训练集 loss:1.6015 验证集 loss:1.6187 acc:0.8294
[2020-05-24 03:13:41] [INFO] 训练周期:9/100 训练集 loss:1.5956 验证集 loss:1.6150 acc:0.8334
[2020-05-24 03:13:52] [INFO] 训练周期:10/100 训练集 loss:1.5905 验证集 loss:1.6119 acc:0.8348
[2020-05-24 03:14:03] [INFO] 训练周期:11/100 训练集 loss:1.5861 验证集 loss:1.6092 acc:0.8367
[2020-05-24 03:14:15] [INFO] 训练周期:12/100 训练集 loss:1.5823 验证集 loss:1.6070 acc:0.8389
[2020-05-24 03:14:26] [INFO] 训练周期:13/100 训练集 loss:1.5788 验证集 loss:1.6051 acc:0.8411
[2020-05-24 03:14:37] [INFO] 训练周期:14/100 训练集 loss:1.5756 验证集 loss:1.6036 acc:0.8429
[2020-05-24 03:14:49] [INFO] 训练周期:15/100 训练集 loss:1.5728 验证集 loss:1.6023 acc:0.8440
[2020-05-24 03:15:01] [INFO] 训练周期:16/100 训练集 loss:1.5702 验证集 loss:1.6012 acc:0.8452
[2020-05-24 03:15:13] [INFO] 训练周期:17/100 训练集 loss:1.5678 验证集 loss:1.6003 acc:0.8460
[2020-05-24 03:15:24] [INFO] 训练周期:18/100 训练集 loss:1.5656 验证集 loss:1.5994 acc:0.8473
[2020-05-24 03:15:36] [INFO] 训练周期:19/100 训练集 loss:1.5635 验证集 loss:1.5987 acc:0.8482
[2020-05-24 03:15:47] [INFO] 训练周期:20/100 训练集 loss:1.5616 验证集 loss:1.5981 acc:0.8490
[2020-05-24 03:15:58] [INFO] 训练周期:21/100 训练集 loss:1.5598 验证集 loss:1.5976 acc:0.8499
[2020-05-24 03:16:09] [INFO] 训练周期:22/100 训练集 loss:1.5581 验证集 loss:1.5971 acc:0.8507
[2020-05-24 03:16:20] [INFO] 训练周期:23/100 训练集 loss:1.5564 验证集 loss:1.5967 acc:0.8516
[2020-05-24 03:16:32] [INFO] 训练周期:24/100 训练集 loss:1.5549 验证集 loss:1.5963 acc:0.8523
[2020-05-24 03:16:43] [INFO] 训练周期:25/100 训练集 loss:1.5534 验证集 loss:1.5960 acc:0.8520
[2020-05-24 03:16:55] [INFO] 训练周期:26/100 训练集 loss:1.5520 验证集 loss:1.5957 acc:0.8521
[2020-05-24 03:17:06] [INFO] 训练周期:27/100 训练集 loss:1.5507 验证集 loss:1.5955 acc:0.8524
[2020-05-24 03:17:18] [INFO] 训练周期:28/100 训练集 loss:1.5495 验证集 loss:1.5953 acc:0.8523
[2020-05-24 03:17:29] [INFO] 训练周期:29/100 训练集 loss:1.5483 验证集 loss:1.5951 acc:0.8526
[2020-05-24 03:17:40] [INFO] 训练周期:30/100 训练集 loss:1.5471 验证集 loss:1.5950 acc:0.8532
[2020-05-24 03:17:51] [INFO] 训练周期:31/100 训练集 loss:1.5460 验证集 loss:1.5949 acc:0.8525
[2020-05-24 03:18:02] [INFO] 训练周期:32/100 训练集 loss:1.5449 验证集 loss:1.5947 acc:0.8526
[2020-05-24 03:18:13] [INFO] 训练周期:33/100 训练集 loss:1.5439 验证集 loss:1.5946 acc:0.8521
[2020-05-24 03:18:24] [INFO] 训练周期:34/100 训练集 loss:1.5429 验证集 loss:1.5945 acc:0.8523
[2020-05-24 03:18:36] [INFO] 训练周期:35/100 训练集 loss:1.5420 验证集 loss:1.5945 acc:0.8525
[2020-05-24 03:18:47] [INFO] 训练周期:36/100 训练集 loss:1.5411 验证集 loss:1.5944 acc:0.8527
[2020-05-24 03:18:58] [INFO] 训练周期:37/100 训练集 loss:1.5402 验证集 loss:1.5945 acc:0.8527
[2020-05-24 03:19:10] [INFO] 训练周期:38/100 训练集 loss:1.5393 验证集 loss:1.5946 acc:0.8527
[2020-05-24 03:19:21] [INFO] 训练周期:39/100 训练集 loss:1.5385 验证集 loss:1.5948 acc:0.8528
[2020-05-24 03:19:32] [INFO] 训练周期:40/100 训练集 loss:1.5378 验证集 loss:1.5950 acc:0.8534
[2020-05-24 03:19:43] [INFO] 训练周期:41/100 训练集 loss:1.5370 验证集 loss:1.5952 acc:0.8532
[2020-05-24 03:19:43] [INFO] 训练损失值持续 5 个周期没有提高，停止训练
[2020-05-24 03:19:43] [INFO] 
TextCNN 开始训练.....
[2020-05-24 03:20:10] [INFO] 训练周期:2/100 训练集 loss:1.6162 验证集 loss:1.5704 acc:0.8769
[2020-05-24 03:20:37] [INFO] 训练周期:3/100 训练集 loss:1.5471 验证集 loss:1.5636 acc:0.8863
[2020-05-24 03:21:04] [INFO] 训练周期:4/100 训练集 loss:1.5294 验证集 loss:1.5621 acc:0.8869
[2020-05-24 03:21:31] [INFO] 训练周期:5/100 训练集 loss:1.5208 验证集 loss:1.5596 acc:0.8915
[2020-05-24 03:21:57] [INFO] 训练周期:6/100 训练集 loss:1.5157 验证集 loss:1.5608 acc:0.8904
[2020-05-24 03:22:24] [INFO] 训练周期:7/100 训练集 loss:1.5122 验证集 loss:1.5581 acc:0.8962
[2020-05-24 03:22:50] [INFO] 训练周期:8/100 训练集 loss:1.5089 验证集 loss:1.5640 acc:0.8915
[2020-05-24 03:23:17] [INFO] 训练周期:9/100 训练集 loss:1.5065 验证集 loss:1.5626 acc:0.8896
[2020-05-24 03:23:43] [INFO] 训练周期:10/100 训练集 loss:1.5055 验证集 loss:1.5547 acc:0.8950
[2020-05-24 03:24:10] [INFO] 训练周期:11/100 训练集 loss:1.5036 验证集 loss:1.5625 acc:0.8893
[2020-05-24 03:24:37] [INFO] 训练周期:12/100 训练集 loss:1.5024 验证集 loss:1.5655 acc:0.8891
[2020-05-24 03:25:03] [INFO] 训练周期:13/100 训练集 loss:1.5015 验证集 loss:1.5559 acc:0.8951
[2020-05-24 03:25:30] [INFO] 训练周期:14/100 训练集 loss:1.5006 验证集 loss:1.5641 acc:0.8852
[2020-05-24 03:25:56] [INFO] 训练周期:15/100 训练集 loss:1.5004 验证集 loss:1.5585 acc:0.8899
[2020-05-24 03:25:56] [INFO] 训练损失值持续 5 个周期没有提高，停止训练
[2020-05-24 03:25:56] [INFO] 
TextRNN 开始训练.....
[2020-05-24 03:26:22] [INFO] 训练周期:2/100 训练集 loss:1.7044 验证集 loss:1.5979 acc:0.7758
[2020-05-24 03:26:48] [INFO] 训练周期:3/100 训练集 loss:1.5774 验证集 loss:1.5768 acc:0.7944
[2020-05-24 03:27:13] [INFO] 训练周期:4/100 训练集 loss:1.5555 验证集 loss:1.5661 acc:0.8038
[2020-05-24 03:27:38] [INFO] 训练周期:5/100 训练集 loss:1.5417 验证集 loss:1.5605 acc:0.8114
[2020-05-24 03:28:03] [INFO] 训练周期:6/100 训练集 loss:1.5337 验证集 loss:1.5574 acc:0.8304
[2020-05-24 03:28:27] [INFO] 训练周期:7/100 训练集 loss:1.5274 验证集 loss:1.5593 acc:0.8512
[2020-05-24 03:28:52] [INFO] 训练周期:8/100 训练集 loss:1.5205 验证集 loss:1.5528 acc:0.8847
[2020-05-24 03:29:17] [INFO] 训练周期:9/100 训练集 loss:1.5111 验证集 loss:1.5507 acc:0.8894
[2020-05-24 03:29:44] [INFO] 训练周期:10/100 训练集 loss:1.5078 验证集 loss:1.5501 acc:0.8887
[2020-05-24 03:30:10] [INFO] 训练周期:11/100 训练集 loss:1.5051 验证集 loss:1.5646 acc:0.8781
[2020-05-24 03:30:36] [INFO] 训练周期:12/100 训练集 loss:1.5035 验证集 loss:1.5556 acc:0.8834
[2020-05-24 03:31:01] [INFO] 训练周期:13/100 训练集 loss:1.5016 验证集 loss:1.5524 acc:0.8871
[2020-05-24 03:31:26] [INFO] 训练周期:14/100 训练集 loss:1.5001 验证集 loss:1.5519 acc:0.8890
[2020-05-24 03:31:51] [INFO] 训练周期:15/100 训练集 loss:1.4989 验证集 loss:1.5550 acc:0.8855
[2020-05-24 03:31:51] [INFO] 训练损失值持续 5 个周期没有提高，停止训练
[2020-05-24 03:31:51] [INFO] 
TextRCNN 开始训练.....
[2020-05-24 03:32:30] [INFO] 训练周期:2/100 训练集 loss:1.6186 验证集 loss:1.5630 acc:0.8758
[2020-05-24 03:33:08] [INFO] 训练周期:3/100 训练集 loss:1.5450 验证集 loss:1.5514 acc:0.8871
[2020-05-24 03:33:46] [INFO] 训练周期:4/100 训练集 loss:1.5278 验证集 loss:1.5491 acc:0.8880
[2020-05-24 03:34:25] [INFO] 训练周期:5/100 训练集 loss:1.5175 验证集 loss:1.5476 acc:0.8930
[2020-05-24 03:35:04] [INFO] 训练周期:6/100 训练集 loss:1.5101 验证集 loss:1.5426 acc:0.8971
[2020-05-24 03:35:42] [INFO] 训练周期:7/100 训练集 loss:1.5053 验证集 loss:1.5453 acc:0.8975
[2020-05-24 03:36:21] [INFO] 训练周期:8/100 训练集 loss:1.5015 验证集 loss:1.5433 acc:0.8946
[2020-05-24 03:37:01] [INFO] 训练周期:9/100 训练集 loss:1.4987 验证集 loss:1.5426 acc:0.9014
[2020-05-24 03:37:39] [INFO] 训练周期:10/100 训练集 loss:1.4965 验证集 loss:1.5419 acc:0.9026
[2020-05-24 03:38:17] [INFO] 训练周期:11/100 训练集 loss:1.4946 验证集 loss:1.5435 acc:0.8974
[2020-05-24 03:38:55] [INFO] 训练周期:12/100 训练集 loss:1.4928 验证集 loss:1.5454 acc:0.8993
[2020-05-24 03:39:35] [INFO] 训练周期:13/100 训练集 loss:1.4918 验证集 loss:1.5452 acc:0.9020
[2020-05-24 03:40:15] [INFO] 训练周期:14/100 训练集 loss:1.4910 验证集 loss:1.5439 acc:0.9022
[2020-05-24 03:40:54] [INFO] 训练周期:15/100 训练集 loss:1.4898 验证集 loss:1.5465 acc:0.9007
[2020-05-24 03:40:54] [INFO] 训练损失值持续 5 个周期没有提高，停止训练
[2020-05-24 03:40:54] [INFO] 
Transformer 开始训练.....
[2020-05-24 03:41:49] [INFO] 训练周期:2/100 训练集 loss:0.8477 验证集 loss:0.6460 acc:0.8233
[2020-05-24 03:42:45] [INFO] 训练周期:3/100 训练集 loss:0.5874 验证集 loss:0.5593 acc:0.8468
[2020-05-24 03:43:41] [INFO] 训练周期:4/100 训练集 loss:0.5336 验证集 loss:0.5154 acc:0.8566
[2020-05-24 03:44:37] [INFO] 训练周期:5/100 训练集 loss:0.5050 验证集 loss:0.5103 acc:0.8610
[2020-05-24 03:45:35] [INFO] 训练周期:6/100 训练集 loss:0.4833 验证集 loss:0.4944 acc:0.8651
[2020-05-24 03:46:32] [INFO] 训练周期:7/100 训练集 loss:0.4650 验证集 loss:0.4857 acc:0.8664
[2020-05-24 03:47:27] [INFO] 训练周期:8/100 训练集 loss:0.4504 验证集 loss:0.4574 acc:0.8696
[2020-05-24 03:48:24] [INFO] 训练周期:9/100 训练集 loss:0.4376 验证集 loss:0.4672 acc:0.8748
[2020-05-24 03:49:19] [INFO] 训练周期:10/100 训练集 loss:0.4247 验证集 loss:0.4578 acc:0.8727
[2020-05-24 03:50:14] [INFO] 训练周期:11/100 训练集 loss:0.4128 验证集 loss:0.4776 acc:0.8712
[2020-05-24 03:51:11] [INFO] 训练周期:12/100 训练集 loss:0.4040 验证集 loss:0.4424 acc:0.8801
[2020-05-24 03:52:08] [INFO] 训练周期:13/100 训练集 loss:0.3943 验证集 loss:0.4465 acc:0.8768
[2020-05-24 03:53:03] [INFO] 训练周期:14/100 训练集 loss:0.3860 验证集 loss:0.4411 acc:0.8825
[2020-05-24 03:53:58] [INFO] 训练周期:15/100 训练集 loss:0.3788 验证集 loss:0.4422 acc:0.8809
[2020-05-24 03:54:54] [INFO] 训练周期:16/100 训练集 loss:0.3674 验证集 loss:0.4265 acc:0.8822
[2020-05-24 03:55:52] [INFO] 训练周期:17/100 训练集 loss:0.3657 验证集 loss:0.4140 acc:0.8868
[2020-05-24 03:56:51] [INFO] 训练周期:18/100 训练集 loss:0.3583 验证集 loss:0.4152 acc:0.8839
[2020-05-24 03:57:53] [INFO] 训练周期:19/100 训练集 loss:0.3503 验证集 loss:0.4249 acc:0.8833
[2020-05-24 03:58:50] [INFO] 训练周期:20/100 训练集 loss:0.3439 验证集 loss:0.4370 acc:0.8834
[2020-05-24 03:59:46] [INFO] 训练周期:21/100 训练集 loss:0.3382 验证集 loss:0.4224 acc:0.8898
[2020-05-24 04:00:41] [INFO] 训练周期:22/100 训练集 loss:0.3357 验证集 loss:0.4298 acc:0.8869
[2020-05-24 04:00:41] [INFO] 训练损失值持续 5 个周期没有提高，停止训练
